<?xml version="1.0" encoding="UTF-8"?>
<!-- Generated by org.testng.reporters.JUnitReportReporter -->
<testsuite skipped="0" hostname="ARAVINDA-DELL-PERSONAL" name="com.synechron.actitime.seleniumtraining.testng.MultipleTestsDemo" tests="4" failures="0" timestamp="11 Dec 2020 07:12:29 GMT" time="0.022" errors="0">
  <testcase name="logout" time="0.003" classname="com.synechron.actitime.seleniumtraining.testng.MultipleTestsDemo"/>
  <testcase name="createcustomer" time="0.014" classname="com.synechron.actitime.seleniumtraining.testng.MultipleTestsDemo"/>
  <testcase name="login" time="0.002" classname="com.synechron.actitime.seleniumtraining.testng.MultipleTestsDemo"/>
  <testcase name="launch" time="0.003" classname="com.synechron.actitime.seleniumtraining.testng.MultipleTestsDemo"/>
</testsuite> <!-- com.synechron.actitime.seleniumtraining.testng.MultipleTestsDemo -->
