<?xml version="1.0" encoding="UTF-8"?>
<!-- Generated by org.testng.reporters.JUnitReportReporter -->
<testsuite skipped="0" hostname="ARAVINDA-DELL-PERSONAL" name="com.synechron.actitime.seleniumtraining.test.CreateCustomerUsingTestNG" tests="1" failures="0" timestamp="11 Dec 2020 08:26:33 GMT" time="7.738" errors="0">
  <testcase name="createCustomer" time="7.738" classname="com.synechron.actitime.seleniumtraining.test.CreateCustomerUsingTestNG"/>
</testsuite> <!-- com.synechron.actitime.seleniumtraining.test.CreateCustomerUsingTestNG -->
