<?xml version="1.0" encoding="UTF-8"?>
<!-- Generated by org.testng.reporters.JUnitReportReporter -->
<testsuite skipped="0" hostname="ARAVINDA-DELL-PERSONAL" name="com.synechron.actitime.seleniumtraining.testng.DependsOnMethodsDemo" tests="4" failures="0" timestamp="11 Dec 2020 07:29:25 GMT" time="0.008" errors="0">
  <testcase name="logout" time="0.002" classname="com.synechron.actitime.seleniumtraining.testng.DependsOnMethodsDemo"/>
  <testcase name="login" time="0.002" classname="com.synechron.actitime.seleniumtraining.testng.DependsOnMethodsDemo"/>
  <testcase name="createcustomer" time="0.002" classname="com.synechron.actitime.seleniumtraining.testng.DependsOnMethodsDemo"/>
  <testcase name="launch" time="0.002" classname="com.synechron.actitime.seleniumtraining.testng.DependsOnMethodsDemo"/>
</testsuite> <!-- com.synechron.actitime.seleniumtraining.testng.DependsOnMethodsDemo -->
