<?xml version="1.0" encoding="UTF-8"?>
<!-- Generated by org.testng.reporters.JUnitReportReporter -->
<testsuite skipped="0" hostname="ARAVINDA-DELL-PERSONAL" name="com.synechron.actitime.seleniumtraining.testng.NewTest" tests="5" failures="0" timestamp="11 Dec 2020 08:16:40 GMT" time="0.018" errors="0">
  <testcase name="f" time="0.001" classname="com.synechron.actitime.seleniumtraining.testng.NewTest"/>
  <testcase name="f" time="0.002" classname="com.synechron.actitime.seleniumtraining.testng.NewTest"/>
  <testcase name="f" time="0.011" classname="com.synechron.actitime.seleniumtraining.testng.NewTest"/>
  <testcase name="f" time="0.002" classname="com.synechron.actitime.seleniumtraining.testng.NewTest"/>
  <testcase name="readGlobal" time="0.002" classname="com.synechron.actitime.seleniumtraining.testng.NewTest"/>
</testsuite> <!-- com.synechron.actitime.seleniumtraining.testng.NewTest -->
