<?xml version="1.0" encoding="UTF-8"?>
<!-- Generated by org.testng.reporters.JUnitReportReporter -->
<testsuite skipped="0" hostname="ARAVINDA-DELL-PERSONAL" name="com.synechron.actitime.seleniumtraining.testng.Cars" tests="4" failures="0" timestamp="11 Dec 2020 08:00:11 GMT" time="0.030" errors="0">
  <testcase name="x6" time="0.002" classname="com.synechron.actitime.seleniumtraining.testng.Cars"/>
  <testcase name="ertiga" time="0.024" classname="com.synechron.actitime.seleniumtraining.testng.Cars"/>
  <testcase name="swift" time="0.002" classname="com.synechron.actitime.seleniumtraining.testng.Cars"/>
  <testcase name="x1" time="0.002" classname="com.synechron.actitime.seleniumtraining.testng.Cars"/>
</testsuite> <!-- com.synechron.actitime.seleniumtraining.testng.Cars -->
