<?xml version="1.0" encoding="UTF-8"?>
<!-- Generated by org.testng.reporters.JUnitReportReporter -->
<testsuite skipped="0" hostname="ARAVINDA-DELL-PERSONAL" name="com.synechron.actitime.seleniumtraining.testng.HelloWorld" tests="1" failures="0" timestamp="11 Dec 2020 07:42:06 GMT" time="0.018" errors="0">
  <testcase name="test" time="0.018" classname="com.synechron.actitime.seleniumtraining.testng.HelloWorld"/>
</testsuite> <!-- com.synechron.actitime.seleniumtraining.testng.HelloWorld -->
