<?xml version="1.0" encoding="UTF-8"?>
<!-- Generated by org.testng.reporters.JUnitReportReporter -->
<testsuite skipped="0" hostname="ARAVINDA-DELL-PERSONAL" name="com.synechron.actitime.seleniumtraining.testng.AllAnnotationsDemo" tests="2" failures="0" timestamp="11 Dec 2020 07:37:50 GMT" time="0.010" errors="0">
  <testcase name="f" time="0.007" classname="com.synechron.actitime.seleniumtraining.testng.AllAnnotationsDemo"/>
  <testcase name="f2" time="0.003" classname="com.synechron.actitime.seleniumtraining.testng.AllAnnotationsDemo"/>
</testsuite> <!-- com.synechron.actitime.seleniumtraining.testng.AllAnnotationsDemo -->
