<?xml version="1.0" encoding="UTF-8"?>
<!-- Generated by org.testng.reporters.JUnitReportReporter -->
<testsuite skipped="0" hostname="ARAVINDA-DELL-PERSONAL" name="com.synechron.actitime.seleniumtraining.testng.PriorityDemo" tests="4" failures="0" timestamp="11 Dec 2020 07:15:43 GMT" time="0.026" errors="0">
  <testcase name="launch" time="0.021" classname="com.synechron.actitime.seleniumtraining.testng.PriorityDemo"/>
  <testcase name="login" time="0.002" classname="com.synechron.actitime.seleniumtraining.testng.PriorityDemo"/>
  <testcase name="createcustomer" time="0.001" classname="com.synechron.actitime.seleniumtraining.testng.PriorityDemo"/>
  <testcase name="logout" time="0.002" classname="com.synechron.actitime.seleniumtraining.testng.PriorityDemo"/>
</testsuite> <!-- com.synechron.actitime.seleniumtraining.testng.PriorityDemo -->
