<?xml version="1.0" encoding="UTF-8"?>
<!-- Generated by org.testng.reporters.JUnitReportReporter -->
<testsuite skipped="0" hostname="ARAVINDA-DELL-PERSONAL" name="com.synechron.actitime.seleniumtraining.test.CreateCustomerUsingTestNGDataProvider" tests="5" failures="0" timestamp="11 Dec 2020 08:30:30 GMT" time="33.522" errors="0">
  <testcase name="createCustomer" time="6.970" classname="com.synechron.actitime.seleniumtraining.test.CreateCustomerUsingTestNGDataProvider"/>
  <testcase name="createCustomer" time="6.597" classname="com.synechron.actitime.seleniumtraining.test.CreateCustomerUsingTestNGDataProvider"/>
  <testcase name="createCustomer" time="6.673" classname="com.synechron.actitime.seleniumtraining.test.CreateCustomerUsingTestNGDataProvider"/>
  <testcase name="createCustomer" time="6.603" classname="com.synechron.actitime.seleniumtraining.test.CreateCustomerUsingTestNGDataProvider"/>
  <testcase name="createCustomer" time="6.679" classname="com.synechron.actitime.seleniumtraining.test.CreateCustomerUsingTestNGDataProvider"/>
</testsuite> <!-- com.synechron.actitime.seleniumtraining.test.CreateCustomerUsingTestNGDataProvider -->
