<?xml version="1.0" encoding="UTF-8"?>
<!-- Generated by org.testng.reporters.JUnitReportReporter -->
<testsuite skipped="0" hostname="ARAVINDA-DELL-PERSONAL" name="com.synechron.actitime.seleniumtraining.js.JavaScriptExecutorDemo" tests="1" failures="0" timestamp="11 Dec 2020 10:13:54 GMT" time="22.797" errors="0">
  <testcase name="javaScriptDemo" time="22.797" classname="com.synechron.actitime.seleniumtraining.js.JavaScriptExecutorDemo"/>
</testsuite> <!-- com.synechron.actitime.seleniumtraining.js.JavaScriptExecutorDemo -->
