<?xml version="1.0" encoding="UTF-8"?>
<!-- Generated by org.testng.reporters.JUnitReportReporter -->
<testsuite skipped="0" hostname="ARAVINDA-DELL-PERSONAL" name="com.synechron.actitime.seleniumtraining.pom.test.LoginTest" tests="1" failures="0" timestamp="11 Dec 2020 10:45:46 GMT" time="8.039" errors="0">
  <testcase name="loginTest" time="8.039" classname="com.synechron.actitime.seleniumtraining.pom.test.LoginTest"/>
</testsuite> <!-- com.synechron.actitime.seleniumtraining.pom.test.LoginTest -->
